2022-03-30 17:42:29,349 - pyswarms.single.global_best - INFO - Optimize for 50 iters with {'c1': 0.5, 'c2': 0.3, 'w': 0.9}
2022-03-30 17:42:29,386 - pyswarms.single.global_best - INFO - Optimization finished | best cost: 6.447078877001883e-05, best pos: [ 0.00507936 -0.00621859]
2022-03-30 17:42:32,284 - matplotlib.animation - INFO - Animation.save using <class 'matplotlib.animation.ImageMagickWriter'>
2022-03-30 17:42:32,287 - matplotlib.animation - INFO - MovieWriter._run: running command: convert -size 1000x800 -depth 8 -delay 10.0 -loop 0 rgba:- plot0.gif
2022-03-30 17:42:32,322 - matplotlib.animation - WARNING - MovieWriter stderr:
convert-im6.q16: unexpected end-of-file `-': No such file or directory @ error/rgb.c/ReadRGBImage/242.
convert-im6.q16: no images defined `plot0.gif' @ error/convert.c/ConvertImageCommand/3258.

2022-04-01 18:38:57,722 - pyswarms.single.global_best - INFO - Optimize for 50 iters with {'c1': 0.5, 'c2': 0.3, 'w': 0.9}
2022-04-01 18:38:57,750 - pyswarms.single.global_best - INFO - Optimization finished | best cost: 6.359323289540349e-06, best pos: [ 0.00185459 -0.00170874]
2022-04-01 18:39:00,397 - matplotlib.animation - INFO - Animation.save using <class 'matplotlib.animation.ImageMagickWriter'>
2022-04-01 18:39:00,398 - matplotlib.animation - INFO - MovieWriter._run: running command: convert -size 1000x800 -depth 8 -delay 10.0 -loop 0 rgba:- plot0.gif
2022-04-01 18:39:00,412 - matplotlib.animation - WARNING - MovieWriter stderr:
convert-im6.q16: unexpected end-of-file `-': No such file or directory @ error/rgb.c/ReadRGBImage/242.
convert-im6.q16: no images defined `plot0.gif' @ error/convert.c/ConvertImageCommand/3258.

2022-04-01 18:40:27,553 - pyswarms.single.global_best - INFO - Optimize for 10 iters with {'c1': 0.5, 'c2': 0.3, 'w': 0.9}
2022-04-01 18:40:27,562 - pyswarms.single.global_best - INFO - Optimization finished | best cost: 0.0033406716054229938, best pos: [ 0.04609419 -0.03487115]
2022-04-01 18:40:30,154 - matplotlib.animation - INFO - Animation.save using <class 'matplotlib.animation.ImageMagickWriter'>
2022-04-01 18:40:30,155 - matplotlib.animation - INFO - MovieWriter._run: running command: convert -size 1000x800 -depth 8 -delay 10.0 -loop 0 rgba:- plot0.gif
2022-04-01 18:40:30,174 - matplotlib.animation - WARNING - MovieWriter stderr:
convert-im6.q16: unexpected end-of-file `-': No such file or directory @ error/rgb.c/ReadRGBImage/242.
convert-im6.q16: no images defined `plot0.gif' @ error/convert.c/ConvertImageCommand/3258.

2022-04-01 18:56:19,462 - pyswarms.single.global_best - INFO - Optimize for 10 iters with {'c1': 0.5, 'c2': 0.3, 'w': 0.9}
2022-04-01 18:56:19,500 - pyswarms.single.global_best - INFO - Optimization finished | best cost: 0.0032339490163009396, best pos: [-0.0397422  -0.04067563]
2022-04-01 18:56:26,044 - matplotlib.animation - INFO - Animation.save using <class 'matplotlib.animation.ImageMagickWriter'>
2022-04-01 18:56:26,047 - matplotlib.animation - INFO - MovieWriter._run: running command: convert -size 1000x800 -depth 8 -delay 10.0 -loop 0 rgba:- plot0.gif
2022-04-01 18:56:26,061 - matplotlib.animation - WARNING - MovieWriter stderr:
convert-im6.q16: unexpected end-of-file `-': No such file or directory @ error/rgb.c/ReadRGBImage/242.
convert-im6.q16: no images defined `plot0.gif' @ error/convert.c/ConvertImageCommand/3258.

2022-04-01 19:17:04,609 - pyswarms.single.global_best - INFO - Optimize for 10 iters with {'c1': 0.5, 'c2': 0.3, 'w': 0.9}
2022-04-01 19:17:04,615 - pyswarms.single.global_best - INFO - Optimization finished | best cost: 0.00996791630959272, best pos: [0.0518716  0.08530682]
2022-04-01 19:17:10,966 - matplotlib.animation - INFO - Animation.save using <class 'matplotlib.animation.ImageMagickWriter'>
2022-04-01 19:17:10,968 - matplotlib.animation - INFO - MovieWriter._run: running command: convert -size 1000x800 -depth 8 -delay 10.0 -loop 0 rgba:- plot0.gif
2022-04-01 19:22:31,824 - pyswarms.single.global_best - INFO - Optimize for 50 iters with {'c1': 0.5, 'c2': 0.3, 'w': 0.9}
2022-04-01 19:22:31,848 - pyswarms.single.global_best - INFO - Optimization finished | best cost: 1.2815487778278642e-05, best pos: [-0.00351421 -0.00068249]
2022-04-01 19:22:34,741 - matplotlib.animation - INFO - Animation.save using <class 'matplotlib.animation.ImageMagickWriter'>
2022-04-01 19:22:34,742 - matplotlib.animation - INFO - MovieWriter._run: running command: convert -size 1000x800 -depth 8 -delay 10.0 -loop 0 rgba:- plot0.gif
2022-04-01 19:26:14,918 - pyswarms.single.global_best - INFO - Optimize for 50 iters with {'c1': 0.5, 'c2': 0.3, 'w': 0.9}
2022-04-01 19:26:14,941 - pyswarms.single.global_best - INFO - Optimization finished | best cost: 9.262841768957585e-06, best pos: [0.00223454 0.00206632]
2022-04-01 19:26:17,853 - matplotlib.animation - INFO - Animation.save using <class 'matplotlib.animation.ImageMagickWriter'>
2022-04-01 19:26:17,854 - matplotlib.animation - INFO - MovieWriter._run: running command: convert -size 1000x800 -depth 8 -delay 20.0 -loop 0 rgba:- plot0.gif
2022-04-01 19:27:49,442 - pyswarms.single.global_best - INFO - Optimize for 25 iters with {'c1': 0.5, 'c2': 0.3, 'w': 0.9}
2022-04-01 19:27:49,453 - pyswarms.single.global_best - INFO - Optimization finished | best cost: 0.00015744841208061207, best pos: [0.00692197 0.01046589]
2022-04-01 19:27:52,324 - matplotlib.animation - INFO - Animation.save using <class 'matplotlib.animation.ImageMagickWriter'>
2022-04-01 19:27:52,325 - matplotlib.animation - INFO - MovieWriter._run: running command: convert -size 1000x800 -depth 8 -delay 10.0 -loop 0 rgba:- plot0.gif
2022-04-06 13:18:40,008 - pyswarms.single.global_best - INFO - Optimize for 1000 iters with {'c1': 0.5, 'c2': 0.3, 'w': 0.9}
2022-04-06 13:18:40,455 - pyswarms.single.global_best - INFO - Optimization finished | best cost: 1.3792198389606103e-43, best pos: [3.71336284e-22 5.59894619e-24]
2022-04-06 13:20:12,501 - pyswarms.single.global_best - INFO - Optimize for 1000 iters with {'c1': 0.5, 'c2': 0.3, 'w': 0.9}
2022-04-06 13:20:13,091 - pyswarms.single.global_best - INFO - Optimization finished | best cost: 2.0185314787146047, best pos: [1.00121948 1.0080134 ]
2022-04-06 13:20:26,294 - pyswarms.single.global_best - INFO - Optimize for 1000 iters with {'c1': 0.5, 'c2': 0.3, 'w': 0.9}
2022-04-06 13:20:26,851 - pyswarms.single.global_best - INFO - Optimization finished | best cost: 2.05965645552421, best pos: [1.02832718 1.00109923]
2022-04-06 13:33:08,941 - pyswarms.single.global_best - INFO - Optimize for 1000 iters with {'c1': 0.5, 'c2': 0.3, 'w': 0.9}
2022-04-06 13:33:09,554 - pyswarms.single.global_best - INFO - Optimization finished | best cost: 0.9194666135185281, best pos: [0.03057218 0.91094273 0.21188311 0.41905617 0.9449022  0.95658024]
2022-04-06 13:33:14,972 - pyswarms.single.global_best - INFO - Optimize for 1000 iters with {'c1': 0.5, 'c2': 0.3, 'w': 0.9}
2022-04-06 13:33:15,569 - pyswarms.single.global_best - INFO - Optimization finished | best cost: 0.9058742212943838, best pos: [0.0653051  0.99233389 0.19174331 0.34696748 0.90187999 0.9422472 ]
2022-04-06 13:33:26,023 - pyswarms.single.global_best - INFO - Optimize for 1000 iters with {'c1': 0.5, 'c2': 0.3, 'w': 0.9}
2022-04-06 13:33:26,570 - pyswarms.single.global_best - INFO - Optimization finished | best cost: 0.9673416997549407, best pos: [0.07869126 0.87624416 0.83534205 0.08632642 0.99307519 0.91455968]
2022-04-06 13:33:28,022 - pyswarms.single.global_best - INFO - Optimize for 1000 iters with {'c1': 0.5, 'c2': 0.3, 'w': 0.9}
2022-04-06 13:33:28,543 - pyswarms.single.global_best - INFO - Optimization finished | best cost: 0.9526349661086455, best pos: [0.06261746 0.94769058 0.3168152  0.3255887  0.99207717 0.88202894]
2022-04-06 13:33:30,175 - pyswarms.single.global_best - INFO - Optimize for 1000 iters with {'c1': 0.5, 'c2': 0.3, 'w': 0.9}
2022-04-06 13:33:30,711 - pyswarms.single.global_best - INFO - Optimization finished | best cost: 0.8951207522537192, best pos: [0.03288359 0.98804771 0.38544673 0.04316334 0.90335315 0.8534803 ]
2022-04-06 13:33:32,061 - pyswarms.single.global_best - INFO - Optimize for 1000 iters with {'c1': 0.5, 'c2': 0.3, 'w': 0.9}
2022-04-06 13:33:32,598 - pyswarms.single.global_best - INFO - Optimization finished | best cost: 0.9101115714191542, best pos: [0.12441445 0.94366921 0.16222989 0.34147488 0.99882857 0.93613489]
2022-04-06 13:33:42,394 - pyswarms.single.global_best - INFO - Optimize for 1000 iters with {'c1': 0.5, 'c2': 0.3, 'w': 0.9}
2022-04-06 13:33:42,936 - pyswarms.single.global_best - INFO - Optimization finished | best cost: 0.9225034061418381, best pos: [0.08382515 0.94926056 0.16569747 0.59088628 0.97701595 0.94752114]
2022-04-06 13:33:44,227 - pyswarms.single.global_best - INFO - Optimize for 1000 iters with {'c1': 0.5, 'c2': 0.3, 'w': 0.9}
2022-04-06 13:33:44,766 - pyswarms.single.global_best - INFO - Optimization finished | best cost: 1.00853777588659, best pos: [0.12518001 0.94186548 0.08262962 0.76276747 0.87078378 0.94140142]
2022-04-06 13:33:47,141 - pyswarms.single.global_best - INFO - Optimize for 1000 iters with {'c1': 0.5, 'c2': 0.3, 'w': 0.9}
2022-04-06 13:33:47,715 - pyswarms.single.global_best - INFO - Optimization finished | best cost: 0.9795467032070455, best pos: [0.07980357 0.9961639  0.26324557 0.02796311 0.72798937 0.91603871]
2022-04-06 13:34:29,441 - pyswarms.single.global_best - INFO - Optimize for 1000 iters with {'c1': 0.5, 'c2': 0.3, 'w': 0.9}
2022-04-06 13:34:29,986 - pyswarms.single.global_best - INFO - Optimization finished | best cost: -2.825628718082247, best pos: [0.63761737 0.6141279  0.99098502 0.99513102 0.49528592 0.24865545]
2022-04-06 13:34:33,455 - pyswarms.single.global_best - INFO - Optimize for 1000 iters with {'c1': 0.5, 'c2': 0.3, 'w': 0.9}
2022-04-06 13:34:34,029 - pyswarms.single.global_best - INFO - Optimization finished | best cost: -2.815736797924173, best pos: [0.51244551 0.49013678 0.9927608  0.98932325 0.51057817 0.35041479]
2022-04-06 13:35:39,186 - pyswarms.single.global_best - INFO - Optimize for 1000 iters with {'c1': 0.5, 'c2': 0.3, 'w': 0.9}
2022-04-06 13:35:39,825 - pyswarms.single.global_best - INFO - Optimization finished | best cost: -2.821124925029806, best pos: [0.55618568 0.45465229 0.99276385 0.99424536 0.2086928  0.3450449 ]
2022-04-06 13:39:52,804 - pyswarms.single.global_best - INFO - Optimize for 1000 iters with {'c1': 0.5, 'c2': 0.3, 'w': 0.9}
2022-04-06 13:39:53,374 - pyswarms.single.global_best - INFO - Optimization finished | best cost: -2.823036779549176, best pos: [0.44961105 0.43558032 0.99078726 0.97681978 0.05068792 0.69087008]
2022-04-06 13:40:19,363 - pyswarms.single.global_best - INFO - Optimize for 1000 iters with {'c1': 0.5, 'c2': 0.3, 'w': 0.9}
2022-04-06 13:40:19,911 - pyswarms.single.global_best - INFO - Optimization finished | best cost: -2.8209041120710037, best pos: [0.22507197 0.2577131  0.99232648 0.98690493 0.50993928 0.2294646 ]
2022-04-06 13:46:20,080 - pyswarms.discrete.binary - INFO - Optimize for 30 iters with {'c1': 0.5, 'c2': 0.3, 'w': 0.9, 'k': 2, 'p': 1}
2022-04-06 13:46:20,152 - pyswarms.discrete.binary - INFO - Optimization finished | best cost: 2.0, best pos: [0 1 1 1 1 0 0 1 1 1 1 0 0 1 0]
2022-04-06 13:46:41,072 - pyswarms.discrete.binary - INFO - Optimize for 30 iters with {'c1': 0.5, 'c2': 0.3, 'w': 0.9, 'k': 2, 'p': 1}
2022-04-06 13:46:41,117 - pyswarms.discrete.binary - INFO - Optimization finished | best cost: 0.0, best pos: [1 1 0 1 0 0 1 1 1 0 0 0 0 1 1]
2022-04-06 13:46:48,864 - pyswarms.discrete.binary - INFO - Optimize for 30 iters with {'c1': 0.5, 'c2': 0.3, 'w': 0.9, 'k': 2, 'p': 1}
2022-04-06 13:46:48,918 - pyswarms.discrete.binary - INFO - Optimization finished | best cost: 0.0, best pos: [1 0 1 1 0 0 0 0 0 1 1 0 1 0 1]
2022-04-06 13:47:06,141 - pyswarms.discrete.binary - INFO - Optimize for 1000 iters with {'c1': 0.5, 'c2': 0.3, 'w': 0.9, 'k': 2, 'p': 1}
2022-04-06 13:47:07,048 - pyswarms.discrete.binary - INFO - Optimization finished | best cost: 0.0, best pos: [1 0 1 1 0 1 1 0 0 1 0 0 0 1 1]
2022-04-06 13:47:23,001 - pyswarms.discrete.binary - INFO - Optimize for 300 iters with {'c1': 0.5, 'c2': 0.3, 'w': 0.9, 'k': 2, 'p': 1}
2022-04-06 13:47:23,254 - pyswarms.discrete.binary - INFO - Optimization finished | best cost: 0.0, best pos: [1 1 0 1 1 1 1 0 0 1 0 0 1 0 1]
2022-04-06 13:47:30,766 - pyswarms.discrete.binary - INFO - Optimize for 300 iters with {'c1': 0.5, 'c2': 0.3, 'w': 0.9, 'k': 2, 'p': 1}
2022-04-06 13:47:31,037 - pyswarms.discrete.binary - INFO - Optimization finished | best cost: 0.0, best pos: [1 1 1 1 1 0 0 0 1 0 1 0 1 1 0]
2022-04-06 13:47:44,307 - pyswarms.discrete.binary - INFO - Optimize for 300 iters with {'c1': 0.5, 'c2': 0.3, 'w': 0.9, 'k': 2, 'p': 1}
2022-04-06 13:47:44,566 - pyswarms.discrete.binary - INFO - Optimization finished | best cost: 0.0, best pos: [1 1 1 1 1 0 0 1 1 1 0 1 1 0 0]
2022-04-06 13:47:55,052 - pyswarms.discrete.binary - INFO - Optimize for 300 iters with {'c1': 0.5, 'c2': 0.3, 'w': 0.9, 'k': 2, 'p': 1}
2022-04-06 13:47:55,352 - pyswarms.discrete.binary - INFO - Optimization finished | best cost: 0.0, best pos: [0 0 1 0 0 1 0 0 0 1 1 1 0 0 1]
2022-04-06 13:48:07,732 - pyswarms.discrete.binary - INFO - Optimize for 300 iters with {'c1': 0.5, 'c2': 0.3, 'w': 0.9, 'k': 2, 'p': 1}
2022-04-06 13:48:08,559 - pyswarms.discrete.binary - INFO - Optimization finished | best cost: 0.0, best pos: [1 1 0 0 1 0 0 1 0 0 1 0 0 1 1]
2022-04-06 13:48:17,620 - pyswarms.discrete.binary - INFO - Optimize for 300 iters with {'c1': 0.5, 'c2': 0.3, 'w': 0.9, 'k': 2, 'p': 1}
2022-04-06 13:48:17,885 - pyswarms.discrete.binary - INFO - Optimization finished | best cost: 0.0, best pos: [0 0 0 1 1 0 1 1 1 1 1 1 0 0 0]
2022-04-20 12:45:50,523 - pyswarms.discrete.binary - INFO - Optimize for 300 iters with {'c1': 0.5, 'c2': 0.3, 'w': 0.9, 'k': 2, 'p': 1}
2022-04-20 12:46:48,810 - pyswarms.discrete.binary - INFO - Optimize for 300 iters with {'c1': 0.5, 'c2': 0.3, 'w': 0.9, 'k': 2, 'p': 1}
2022-04-20 12:47:07,836 - pyswarms.discrete.binary - INFO - Optimize for 300 iters with {'c1': 0.5, 'c2': 0.3, 'w': 0.9, 'k': 2, 'p': 1}
2022-04-20 12:47:17,499 - pyswarms.discrete.binary - INFO - Optimize for 300 iters with {'c1': 0.5, 'c2': 0.3, 'w': 0.9, 'k': 2, 'p': 1}
2022-04-20 12:47:26,608 - pyswarms.discrete.binary - INFO - Optimize for 300 iters with {'c1': 0.5, 'c2': 0.3, 'w': 0.9, 'k': 2, 'p': 1}
2022-04-20 12:48:36,469 - pyswarms.discrete.binary - INFO - Optimize for 300 iters with {'c1': 0.5, 'c2': 0.3, 'w': 0.9, 'k': 2, 'p': 1}
2022-04-20 12:48:51,460 - pyswarms.discrete.binary - INFO - Optimize for 300 iters with {'c1': 0.5, 'c2': 0.3, 'w': 0.9, 'k': 2, 'p': 1}
2022-04-20 12:48:51,806 - pyswarms.discrete.binary - INFO - Optimization finished | best cost: 0.0, best pos: [0 0 1 0 1 0 0 1 0 0 1 0 0 1 1]
2022-04-20 12:49:46,901 - pyswarms.discrete.binary - INFO - Optimize for 300 iters with {'c1': 0.5, 'c2': 0.3, 'w': 0.9, 'k': 2, 'p': 1}
2022-04-20 12:51:49,972 - pyswarms.discrete.binary - INFO - Optimize for 300 iters with {'c1': 0.5, 'c2': 0.3, 'w': 0.9, 'k': 2, 'p': 1}
2022-04-20 12:51:50,496 - pyswarms.discrete.binary - INFO - Optimization finished | best cost: -42.666666666666664, best pos: [2 0 1 0 1 0 1 1 1 1 1 1 0 0 1 0 1 0 0 0 1 1 1 1 0 0 0 1 0 1 0 0 1 1 0 3]
2022-04-20 12:52:16,853 - pyswarms.discrete.binary - INFO - Optimize for 300 iters with {'c1': 0.5, 'c2': 0.3, 'w': 0.9, 'k': 2, 'p': 1}
2022-04-20 12:52:17,285 - pyswarms.discrete.binary - INFO - Optimization finished | best cost: -42.0, best pos: [2 0 0 1 1 0 1 0 1 1 0 0 1 1 1 0 0 1 1 0 1 0 1 0 1 1 1 1 0 0 0 0 0 1 1 3]
2022-04-20 12:54:31,595 - pyswarms.discrete.binary - INFO - Optimize for 300 iters with {'c1': 0.5, 'c2': 0.3, 'w': 0.9, 'k': 2, 'p': 1}
2022-04-20 12:54:32,040 - pyswarms.discrete.binary - INFO - Optimization finished | best cost: -42.666666666666664, best pos: [2 1 0 0 0 1 1 1 1 0 0 1 0 0 1 1 1 1 0 0 1 0 0 1 1 1 1 1 0 1 0 0 1 0 0 3]
2022-04-20 12:55:36,169 - pyswarms.discrete.binary - INFO - Optimize for 300 iters with {'c1': 0.5, 'c2': 0.3, 'w': 0.9, 'k': 2, 'p': 1}
2022-04-20 12:55:44,210 - pyswarms.discrete.binary - INFO - Optimization finished | best cost: 23.98854381999832, best pos: [2 1 1 0 1 0 0 0 0 0 1 0 0 0 1 1 0 0 0 0 0 0 1 1 1 1 0 0 0 1 0 1 1 0 1 0 1
 0 1 1 1 0 0 1 0 1 1 0 1 0 0 0 0 0 1 1 0 1 1 1 0 0 1 1 0 1 0 1 0 0 1 1 0 1
 0 0 0 1 0 0 1 1 1 1 1 1 1 1 1 0 1 0 1 1 0 0 0 0 1 0 1 0 0 0 1 0 1 1 0 0 1
 0 1 0 1 0 0 1 1 1 1 1 0 1 0 1 0 1 0 0 1 1 1 1 0 1 0 0 1 1 0 1 1 0 0 1 0 1
 1 1 0 1 0 1 1 0 1 1 1 0 0 1 1 0 0 0 1 0 1 1 1 1 1 0 0 0 0 0 1 1 1 0 0 0 1
 0 1 0 1 0 0 0 0 0 1 1 1 0 1 0 1 1 1 0 0 0 1 1 0 1 1 1 0 0 0 1 0 0 1 1 0 0
 0 0 0 1 1 0 1 0 1 1 0 0 1 0 1 0 1 0 1 1 1 1 1 1 0 0 0 1 1 0 0 1 1 0 1 1 1
 1 0 1 1 0 0 1 0 1 1 0 0 1 1 1 1 0 0 1 0 1 1 0 1 0 0 1 1 1 0 1 0 1 0 0 1 0
 1 1 1 0 1 1 0 1 0 0 1 0 1 0 1 0 1 1 0 1 1 0 0 1 0 0 0 1 1 1 1 0 1 0 1 0 1
 1 0 0 0 1 1 0 1 0 1 0 1 0 0 0 0 0 0 0 1 0 1 0 1 1 0 0 1 0 0 0 1 1 0 0 0 0
 1 1 0 1 1 1 0 0 0 0 1 0 0 1 1 1 0 0 1 0 1 1 0 0 0 0 0 1 0 3]
2022-04-20 12:56:22,040 - pyswarms.discrete.binary - INFO - Optimize for 900 iters with {'c1': 0.5, 'c2': 0.3, 'w': 0.9, 'k': 2, 'p': 1}
2022-04-20 12:56:39,965 - pyswarms.discrete.binary - INFO - Optimization finished | best cost: -373.6, best pos: [2 1 0 0 1 0 0 1 1 1 1 0 1 0 1 0 0 0 0 0 1 1 1 0 0 0 0 0 0 1 1 0 0 0 0 0 0
 1 0 1 0 1 1 1 1 0 0 0 0 0 0 0 0 0 0 0 0 0 1 0 1 0 0 1 1 0 1 1 0 0 1 0 1 1
 0 0 1 0 1 1 1 0 0 1 1 0 0 1 1 1 0 1 1 0 0 1 0 0 1 0 1 1 0 1 1 1 1 0 0 1 1
 0 0 0 1 0 0 1 0 1 0 0 0 1 0 0 1 1 1 1 1 1 1 0 0 1 0 1 0 0 1 0 1 0 0 1 0 1
 0 1 0 0 1 0 0 1 1 0 1 0 0 0 0 1 0 0 1 0 1 1 1 1 0 1 1 1 1 0 0 0 0 0 1 0 1
 0 0 0 1 1 0 1 1 1 1 1 0 1 0 0 1 0 0 1 0 1 0 0 0 1 1 0 1 1 1 1 1 1 0 0 0 1
 1 1 0 1 1 1 0 0 1 1 0 1 1 1 1 0 0 0 0 1 1 1 1 0 1 1 0 1 0 0 1 0 1 1 0 0 1
 0 1 1 1 0 0 0 1 1 0 1 1 1 1 0 1 1 0 0 0 0 1 0 1 0 1 0 1 1 0 1 1 0 1 0 0 1
 1 1 1 1 0 1 1 0 1 0 1 1 1 0 1 0 1 0 0 1 1 1 1 1 0 1 1 0 0 0 1 1 0 0 0 0 1
 1 1 0 0 1 0 0 1 0 1 0 1 1 0 0 1 1 0 0 0 1 1 1 1 1 0 0 0 0 0 0 1 1 1 1 0 1
 0 0 1 0 0 0 1 1 0 0 1 1 0 0 1 0 1 0 0 0 0 1 1 0 1 1 1 1 1 3]
2022-04-20 12:57:19,916 - pyswarms.discrete.binary - INFO - Optimize for 900 iters with {'c1': 0.5, 'c2': 0.3, 'w': 0.9, 'k': 2, 'p': 1}
2022-04-20 12:59:39,372 - pyswarms.discrete.binary - INFO - Optimization finished | best cost: 45.71960451701259, best pos: [2 1 1 0 1 0 0 1 1 1 0 1 0 0 0 1 1 0 1 1 0 0 0 1 0 1 0 0 0 1 1 0 0 0 1 1 1
 1 0 0 1 1 1 1 1 1 1 1 0 0 0 1 1 0 1 0 1 1 1 0 1 1 1 0 1 1 0 1 1 1 1 0 0 0
 0 1 1 0 0 0 0 1 1 1 0 0 0 1 0 0 1 1 1 0 1 0 1 0 1 0 1 1 0 0 0 0 1 1 1 0 0
 0 0 0 1 0 0 1 0 1 1 0 1 0 1 0 1 0 1 1 1 1 1 1 0 0 1 1 1 0 1 1 0 0 1 0 1 1
 1 1 1 1 1 1 1 1 1 0 0 1 0 0 0 1 1 0 1 0 1 1 1 0 1 1 0 0 1 0 0 0 1 0 1 0 0
 0 1 0 0 1 0 1 0 0 1 1 1 1 1 1 0 0 0 1 0 0 1 1 0 0 1 1 1 0 0 1 1 0 1 0 0 0
 1 0 0 0 1 0 0 0 1 1 1 1 0 1 0 1 0 0 1 0 0 0 0 1 0 0 0 0 1 1 0 1 1 0 1 1 1
 1 0 1 0 1 1 0 0 1 1 1 1 0 1 0 0 0 0 1 0 1 1 1 1 0 0 0 1 0 0 0 1 1 0 0 1 0
 1 0 0 0 0 0 1 1 1 0 1 0 0 0 1 0 1 1 1 1 1 0 0 0 0 1 1 0 0 0 1 1 0 1 1 1 0
 1 0 1 0 1 0 0 0 1 0 0 1 0 1 0 0 1 1 0 1 1 1 0 0 0 0 1 0 1 0 0 1 1 0 0 0 1
 0 1 1 0 0 0 1 0 1 1 0 1 1 1 0 1 0 0 1 0 1 0 0 1 0 1 0 0 1 0 0 0 0 1 1 0 1
 0 1 0 1 1 1 1 0 0 1 0 1 0 0 0 0 1 1 0 1 0 1 1 1 0 1 0 1 1 0 0 1 1 0 0 1 1
 0 1 1 1 0 1 0 1 1 1 0 1 1 1 0 1 0 1 0 0 0 1 1 0 0 0 0 1 0 0 0 0 1 0 0 1 1
 0 1 1 0 0 1 1 0 0 0 0 0 0 1 1 0 0 1 0 1 1 0 0 0 1 0 1 0 1 0 1 0 0 0 0 0 1
 0 1 1 0 1 1 1 0 1 0 1 0 1 0 1 0 0 0 0 0 1 1 0 1 1 0 0 0 0 1 0 0 1 1 1 1 1
 0 1 1 1 1 0 1 1 0 1 1 0 1 0 0 1 0 0 1 0 1 0 1 1 1 0 1 0 1 0 0 1 0 0 1 1 0
 1 1 0 0 1 0 1 0 0 0 0 1 1 1 1 0 0 0 1 0 1 1 0 1 0 0 0 1 0 1 0 0 1 1 0 0 1
 1 1 0 1 0 0 0 1 0 1 1 0 0 0 1 0 0 1 1 1 0 1 0 0 1 0 0 1 1 0 1 0 1 1 0 1 0
 1 0 0 1 1 1 1 0 1 1 0 0 1 1 0 0 0 0 1 0 1 0 0 1 1 0 0 0 1 0 1 0 1 1 0 1 1
 1 0 1 0 1 1 0 0 0 0 1 0 0 1 0 1 0 0 0 0 1 0 0 1 0 1 0 1 0 1 0 0 0 1 1 0 1
 1 1 1 0 1 1 1 1 0 1 0 0 1 1 1 0 1 0 0 0 0 1 0 1 0 0 0 0 1 0 0 1 1 0 0 0 1
 0 0 0 1 1 0 0 0 1 1 0 0 1 1 0 1 0 1 1 0 1 0 0 1 1 1 1 1 1 0 1 1 1 1 0 1 1
 1 1 0 0 0 1 0 0 0 0 1 0 0 1 1 1 0 0 0 1 1 0 0 1 0 0 0 1 1 0 1 1 1 1 0 1 1
 1 0 1 1 1 1 0 0 1 0 0 1 0 1 1 0 0 0 0 1 1 0 1 1 0 1 1 1 0 1 0 0 1 0 0 1 1
 0 0 0 1 1 1 0 0 1 1 0 3]
2022-04-20 13:11:01,182 - pyswarms.discrete.binary - INFO - Optimize for 900 iters with {'c1': 0.5, 'c2': 0.3, 'w': 0.9, 'k': 2, 'p': 1}
2022-04-20 13:11:11,596 - pyswarms.discrete.binary - INFO - Optimization finished | best cost: -0.5333333333333332, best pos: [2 0 1 1 0 1 0 1 1 1 1 1 1 1 0 1 0 1 1 0 1 0 0 1 1 1 0 0 1 0 1 0 1 0 0 1 1
 1 1 0 0 0 1 0 0 1 1 1 1 1 0 0 1 1 1 0 0 1 0 1 0 0 0 1 1 1 1 1 1 1 1 1 1 0
 1 0 1 0 1 0 1 0 1 0 0 0 1 0 0 1 1 1 0 0 0 0 0 0 1 0 1 1 0 0 0 1 0 1 0 1 1
 1 1 0 0 1 1 0 1 0 0 0 0 1 0 0 0 0 0 1 1 1 0 0 0 1 1 0 0 1 1 0 1 1 1 0 0 0
 0 0 1 1 1 0 0 0 1 1 0 1 1 0 0 0 1 0 0 0 0 0 1 1 0 1 1 0 1 0 0 0 1 0 1 0 0
 0 0 1 0 1 1 1 1 0 0 1 1 0 0 1 0 0 1 1 0 1 0 1 1 1 1 0 1 0 0 0 1 0 0 1 1 0
 0 0 3]
2022-04-20 13:20:09,981 - pyswarms.discrete.binary - INFO - Optimize for 900 iters with {'c1': 0.5, 'c2': 0.3, 'w': 0.9, 'k': 2, 'p': 1}
2022-04-20 13:20:17,059 - pyswarms.discrete.binary - INFO - Optimization finished | best cost: -410.0, best pos: [2 0 1 1 1 0 0 1 0 0 1 1 1 1 1 1 0 0 1 0 1 1 1 1 1 0 0 0 0 0 1 1 1 1 1 0 1
 1 1 1 1 1 1 1 1 0 1 0 0 1 1 1 1 1 1 0 1 1 1 1 1 1 1 1 1 1 0 0 1 1 0 0 1 0
 1 1 1 1 0 0 1 1 0 0 1 1 1 1 1 1 1 1 1 0 0 1 1 1 1 3]
2022-04-20 13:21:00,917 - pyswarms.discrete.binary - INFO - Optimize for 900 iters with {'c1': 0.5, 'c2': 0.3, 'w': 0.9, 'k': 2, 'p': 1}
2022-04-20 13:21:02,395 - pyswarms.discrete.binary - INFO - Optimization finished | best cost: -90.0, best pos: [2 1 1 1 1 0 1 1 1 1 1 1 1 1 1 1 1 1 1 1 1 1 1 1 3]
2022-04-20 13:21:28,038 - pyswarms.discrete.binary - INFO - Optimize for 900 iters with {'c1': 0.5, 'c2': 0.3, 'w': 0.9, 'k': 2, 'p': 1}
2022-04-20 13:22:22,903 - pyswarms.discrete.binary - INFO - Optimization finished | best cost: -1540.0, best pos: [2 1 0 0 1 0 0 0 1 1 1 1 1 1 0 0 0 1 1 1 1 0 1 1 1 1 0 1 0 1 1 1 1 0 1 0 1
 1 0 0 1 0 0 1 0 0 1 1 1 1 1 1 1 0 1 1 1 1 1 1 1 0 0 0 1 0 1 1 1 1 1 1 1 1
 1 0 1 1 0 0 1 1 0 1 1 0 0 1 0 1 1 0 0 0 0 1 1 1 1 0 1 1 1 0 0 0 0 1 1 1 1
 0 1 0 0 1 0 1 1 1 0 1 0 0 1 0 1 1 1 1 0 0 0 0 1 1 0 1 1 1 0 1 0 1 1 1 1 1
 1 0 0 1 1 1 0 0 1 0 1 1 1 1 1 1 1 1 0 1 0 1 0 1 1 0 0 0 0 0 1 1 0 1 1 0 0
 0 1 1 1 0 0 1 1 1 1 0 1 1 1 1 0 1 1 1 0 1 1 1 0 1 1 1 1 0 0 1 1 0 0 0 0 0
 1 0 0 1 1 1 0 1 1 0 1 1 1 1 1 0 1 1 0 1 0 0 0 1 1 1 0 1 0 1 0 0 1 1 0 1 1
 0 1 1 1 1 0 1 1 1 0 0 1 1 1 1 0 1 0 0 0 1 0 1 1 1 1 1 1 0 0 1 0 0 1 1 1 1
 1 1 1 1 0 0 0 0 0 1 1 1 0 1 0 0 0 1 1 1 1 0 1 0 1 0 1 1 0 1 0 1 1 1 0 0 1
 0 1 0 0 0 0 0 0 0 1 0 0 0 1 0 1 1 1 1 1 0 1 0 1 0 1 0 0 1 1 1 1 0 0 1 0 0
 0 0 0 1 1 1 1 1 1 1 0 1 0 1 0 0 1 0 1 0 0 0 0 1 1 0 1 1 1 3]
2022-04-20 13:22:58,178 - pyswarms.discrete.binary - INFO - Optimize for 900 iters with {'c1': 0.5, 'c2': 0.3, 'w': 0.9, 'k': 2, 'p': 1}
2022-04-20 13:23:21,298 - pyswarms.discrete.binary - INFO - Optimization finished | best cost: -813.8274953433952, best pos: [2 0 0 0 0 1 1 1 1 0 0 1 1 1 0 0 0 0 0 0 1 0 0 0 1 0 1 1 1 0 0 1 1 1 0 0 0
 0 1 1 0 0 1 1 0 0 0 0 0 0 0 1 1 0 0 0 0 1 0 0 0 1 0 1 1 1 1 0 1 0 0 1 1 0
 0 1 0 1 0 0 1 0 0 1 1 0 0 0 0 0 0 1 1 1 0 0 0 1 0 0 0 1 0 1 1 0 0 1 1 0 1
 1 0 0 0 1 1 0 1 1 0 1 0 0 1 1 0 1 1 1 0 0 0 0 0 1 1 0 0 0 0 0 0 0 0 1 1 1
 1 1 1 0 0 1 0 1 0 1 0 0 1 0 1 0 0 0 1 1 1 1 1 1 1 0 0 0 1 1 0 0 1 0 0 0 0
 1 1 1 1 1 0 0 0 0 0 1 0 1 1 1 0 0 1 1 1 1 1 1 1 1 0 0 0 1 0 0 0 1 1 0 1 0
 0 1 0 1 0 1 1 1 1 0 1 0 1 1 1 1 1 0 0 1 1 1 1 1 0 1 0 1 0 0 0 1 0 0 1 1 0
 0 1 1 1 1 1 1 0 1 1 0 1 1 1 1 0 0 0 1 0 1 0 0 1 1 1 1 0 0 1 0 1 0 1 1 0 1
 0 1 0 1 1 1 1 0 1 0 0 0 1 0 1 0 1 1 0 0 0 1 0 0 1 0 1 0 0 1 1 0 0 1 0 1 0
 0 1 0 0 0 0 0 1 0 0 1 1 1 0 1 0 1 1 1 0 1 1 1 0 1 1 1 1 0 0 1 0 1 0 1 1 1
 0 1 0 1 1 1 0 0 0 1 1 1 1 0 1 1 1 0 1 1 1 0 0 1 1 0 0 0 1 3]
2022-04-20 13:24:55,555 - pyswarms.discrete.binary - INFO - Optimize for 1200 iters with {'c1': 0.5, 'c2': 0.3, 'w': 0.9, 'k': 2, 'p': 1}
2022-04-20 13:25:16,963 - pyswarms.discrete.binary - INFO - Optimization finished | best cost: -760.0, best pos: [2 0 0 1 1 0 0 1 0 1 0 0 1 1 1 1 0 0 1 0 1 0 0 0 0 1 0 0 0 0 0 0 0 1 1 0 1
 0 1 1 1 1 0 1 0 1 0 0 0 1 0 1 1 0 1 0 1 0 1 1 1 1 0 1 0 1 1 1 1 0 1 1 1 0
 0 1 0 0 0 1 1 1 1 1 0 1 0 0 1 1 1 1 1 0 1 0 1 1 1 0 0 0 1 1 1 1 1 1 1 1 0
 1 1 1 0 0 1 0 0 1 1 0 1 0 0 0 0 1 1 0 1 0 0 1 0 0 1 1 0 1 1 0 0 1 0 0 1 1
 0 1 1 0 1 1 1 1 0 1 0 0 1 1 0 0 1 1 0 0 0 1 0 1 0 0 1 1 1 1 1 0 1 0 0 1 0
 0 0 0 0 1 1 1 0 0 1 0 1 1 0 0 0 1 0 0 0 0 1 0 0 1 0 1 1 0 0 1 0 1 0 1 1 0
 0 0 1 1 0 1 0 0 1 0 1 0 1 1 1 1 1 1 1 0 1 1 1 1 0 1 0 1 1 1 0 0 0 0 1 1 0
 1 0 0 0 0 0 1 0 0 1 0 0 1 0 0 0 1 1 0 1 1 1 0 1 0 0 0 0 1 0 1 0 1 1 0 1 1
 0 0 0 0 0 0 1 0 0 1 0 0 0 0 0 0 1 1 0 1 1 0 1 1 1 1 0 0 0 0 0 0 0 1 1 1 1
 1 1 0 1 1 1 0 1 0 1 0 0 0 0 0 1 1 0 1 0 1 0 1 1 0 1 1 0 1 1 1 0 0 0 0 0 0
 1 1 0 0 1 1 0 0 0 1 1 0 1 1 1 0 0 0 1 0 0 0 0 1 1 1 1 0 0 3]
2022-04-20 19:09:58,743 - pyswarms.discrete.binary - INFO - Optimize for 1200 iters with {'c1': 0.5, 'c2': 0.3, 'w': 0.9, 'k': 2, 'p': 1}
2022-04-20 19:11:06,246 - pyswarms.discrete.binary - INFO - Optimization finished | best cost: -400.0, best pos: [2 1 1 1 1 1 0 1 0 0 0 0 1 1 0 0 1 1 1 1 1 1 0 1 0 1 1 0 0 0 1 0 0 0 0 1 0
 0 0 0 0 1 1 0 1 1 1 0 0 1 0 1 1 1 1 0 1 0 1 0 1 0 0 0 1 1 0 0 0 1 0 1 0 0
 1 0 1 0 1 0 1 0 0 0 0 1 1 1 1 0 1 1 1 1 0 0 1 1 1 0 0 0 0 1 1 0 0 1 1 1 0
 1 0 1 1 1 1 0 0 0 0 0 1 0 1 0 0 1 0 1 1 0 1 0 1 0 0 1 0 0 0 1 0 0 1 0 0 0
 0 1 1 0 1 0 0 0 0 1 0 1 1 1 1 1 0 0 1 1 0 1 0 0 0 0 0 1 0 1 1 0 0 0 1 1 0
 1 1 1 0 1 1 1 1 1 0 0 0 0 0 0 0 1 0 0 1 1 1 0 0 0 0 0 1 1 1 0 0 1 1 0 0 0
 0 1 1 0 1 1 0 0 1 0 0 1 1 0 0 1 0 0 1 1 0 0 0 0 1 1 1 1 0 0 1 1 0 1 0 0 0
 1 1 1 1 1 1 0 1 0 1 1 0 1 1 0 0 0 0 0 1 0 1 0 1 0 0 1 1 0 0 1 0 0 1 0 1 0
 0 1 1 0 1 0 0 0 0 0 1 0 1 0 0 0 1 1 0 0 0 0 0 1 1 0 0 0 1 1 1 0 1 0 1 1 1
 0 0 1 1 1 0 1 1 1 0 0 0 1 0 0 1 1 1 0 1 1 0 0 0 0 0 0 1 1 0 0 1 1 1 1 1 1
 0 0 0 1 1 1 1 1 1 1 1 0 0 1 0 1 0 0 0 1 0 1 1 0 1 0 0 1 0 3]
2022-04-20 19:14:44,250 - pyswarms.discrete.binary - INFO - Optimize for 1200 iters with {'c1': 0.5, 'c2': 0.3, 'w': 0.9, 'k': 2, 'p': 1}
2022-04-20 19:14:46,795 - pyswarms.discrete.binary - INFO - Optimization finished | best cost: -64.0, best pos: [2 1 1 1 1 1 0 0 1 1 0 1 1 0 1 0 1 0 0 1 1 1 1 1 0 0 0 1 0 1 0 1 1 0 1 0 0
 1 0 1 0 1 0 0 1 1 1 1 0 0 0 0 0 1 0 0 0 0 1 0 0 1 1 3]
2022-04-20 19:15:11,364 - pyswarms.discrete.binary - INFO - Optimize for 1200 iters with {'c1': 0.5, 'c2': 0.3, 'w': 0.9, 'k': 2, 'p': 1}
2022-04-20 19:15:12,562 - pyswarms.discrete.binary - INFO - Optimization finished | best cost: -16.0, best pos: [2 1 1 1 0 1 0 0 0 1 1 1 1 0 0 3]
2022-04-20 19:15:39,866 - pyswarms.discrete.binary - INFO - Optimize for 1200 iters with {'c1': 0.5, 'c2': 0.3, 'w': 0.9, 'k': 2, 'p': 1}
2022-04-20 19:15:41,040 - pyswarms.discrete.binary - INFO - Optimization finished | best cost: -16.0, best pos: [2 1 1 1 1 0 0 1 1 0 0 1 0 0 0 3]
2022-04-20 19:28:06,164 - pyswarms.discrete.binary - INFO - Optimize for 1200 iters with {'c1': 0.5, 'c2': 0.3, 'w': 0.9, 'k': 2, 'p': 1}
2022-04-20 19:28:10,039 - pyswarms.discrete.binary - INFO - Optimization finished | best cost: -109.8, best pos: [2 0 1 0 0 0 0 1 0 0 1 1 1 1 1 0 0 0 0 0 0 1 1 0 0 1 1 1 0 0 1 1 1 1 1 1 1
 1 0 0 0 0 0 0 1 1 0 1 1 0 0 1 1 0 1 1 1 0 0 1 0 1 0 0 1 1 0 0 0 0 1 1 1 1
 1 0 1 0 0 0 1 1 0 1 0 1 0 0 0 0 0 0 1 1 1 1 1 1 1 3]
2022-04-20 19:28:38,531 - pyswarms.discrete.binary - INFO - Optimize for 1200 iters with {'c1': 0.5, 'c2': 0.3, 'w': 0.9, 'k': 2, 'p': 1}
2022-04-20 19:28:42,255 - pyswarms.discrete.binary - INFO - Optimization finished | best cost: -119.2, best pos: [2 0 1 1 1 0 1 0 0 0 1 1 1 0 1 1 1 0 0 0 0 0 0 1 1 1 1 0 0 0 0 0 0 0 0 1 1
 0 1 0 1 1 1 0 0 0 1 1 1 1 0 0 0 1 0 1 1 0 0 1 1 1 1 1 1 1 1 1 1 0 1 1 1 0
 1 1 1 1 0 0 0 0 0 0 1 1 1 1 0 0 0 0 0 0 0 0 0 1 1 3]
2022-04-20 19:30:30,682 - pyswarms.discrete.binary - INFO - Optimize for 1200 iters with {'c1': 0.5, 'c2': 0.3, 'w': 0.9, 'k': 2, 'p': 1}
2022-04-20 19:30:42,052 - pyswarms.discrete.binary - INFO - Optimization finished | best cost: -23.733333333333334, best pos: [2 1 1 0 0 1 1 1 1 0 0 1 0 0 0 0 0 1 1 1 1 1 1 0 0 1 0 0 0 0 0 0 1 1 0 1 1
 0 0 1 0 0 0 1 1 1 0 0 0 1 0 1 1 0 1 1 0 0 0 0 1 0 1 1 0 1 1 0 1 0 0 0 1 1
 0 1 0 0 1 0 1 1 1 1 1 1 1 1 0 0 0 0 1 1 0 0 1 1 1 1 0 1 1 1 1 0 1 0 1 1 1
 1 0 1 0 0 0 0 0 0 1 1 1 1 1 0 0 0 1 1 1 1 0 0 0 1 0 0 0 0 0 1 1 0 1 0 0 0
 0 1 1 0 1 0 0 1 1 1 1 1 1 1 0 1 0 0 0 0 1 1 1 0 1 0 0 1 1 1 0 1 1 1 0 1 0
 0 0 1 0 1 0 0 1 1 0 0 0 0 0 0 1 0 1 1 0 1 1 0 1 0 0 0 0 0 0 1 0 0 1 0 1 1
 1 1 3]
2022-04-20 19:31:07,374 - pyswarms.discrete.binary - INFO - Optimize for 1500 iters with {'c1': 0.5, 'c2': 0.3, 'w': 0.9, 'k': 2, 'p': 1}
2022-04-20 19:31:20,485 - pyswarms.discrete.binary - INFO - Optimization finished | best cost: -22.933333333333334, best pos: [2 1 1 1 1 0 0 1 0 1 1 0 1 0 0 1 0 1 1 1 0 1 0 0 0 0 1 1 1 1 1 1 0 0 1 0 1
 1 1 0 0 0 1 0 0 0 0 1 1 1 1 1 1 0 0 1 1 0 0 1 0 1 1 0 1 0 1 1 1 0 1 1 0 0
 1 0 1 0 0 0 0 0 0 1 0 1 0 1 1 1 0 1 1 1 1 0 0 0 0 0 1 0 1 1 0 1 0 0 1 1 0
 1 1 1 1 1 1 1 0 0 1 0 0 0 1 1 0 1 0 0 0 1 0 1 1 1 0 0 0 0 1 1 1 0 1 1 1 0
 0 0 0 0 0 1 0 0 1 1 1 0 1 0 1 0 1 1 0 1 0 0 0 0 1 0 0 1 0 0 0 0 0 0 0 1 1
 1 0 0 0 0 1 1 1 1 1 0 1 1 0 0 0 0 0 0 1 1 1 1 1 1 0 0 1 0 0 1 1 1 1 0 0 1
 0 1 3]
2022-04-20 19:31:52,379 - pyswarms.discrete.binary - INFO - Optimize for 1500 iters with {'c1': 0.5, 'c2': 0.3, 'w': 0.9, 'k': 2, 'p': 1}
2022-04-20 19:32:07,007 - pyswarms.discrete.binary - INFO - Optimization finished | best cost: -22.933333333333334, best pos: [2 1 0 1 1 1 1 1 0 0 0 0 0 1 0 0 1 0 1 0 0 1 1 1 0 1 0 0 1 1 0 1 1 1 1 0 0
 0 1 1 1 0 1 0 0 1 1 1 1 1 1 0 1 1 0 0 0 1 0 1 0 1 1 1 0 0 0 0 0 0 1 0 0 1
 1 0 1 1 1 0 0 1 0 0 0 0 1 0 1 0 0 1 0 1 1 1 1 1 1 0 1 1 1 1 0 0 0 1 0 1 0
 1 1 0 0 1 0 1 0 0 0 1 0 1 1 0 1 0 0 0 1 1 0 0 0 0 0 1 0 0 1 1 0 0 0 1 1 1
 1 1 0 0 0 1 0 1 1 1 0 1 1 1 1 1 0 1 0 0 0 0 1 0 1 1 1 1 0 1 1 1 1 0 1 1 0
 0 0 0 0 0 1 0 0 1 1 0 0 0 1 0 1 1 0 0 0 1 0 1 0 1 0 1 0 0 0 1 1 1 1 1 0 0
 1 0 3]
2022-04-20 19:35:48,744 - pyswarms.discrete.binary - INFO - Optimize for 1500 iters with {'c1': 0.5, 'c2': 0.3, 'w': 0.9, 'k': 2, 'p': 1}
2022-04-20 19:36:01,966 - pyswarms.discrete.binary - INFO - Optimization finished | best cost: -1.4666666666666668, best pos: [2 1 1 1 1 1 0 1 0 1 1 1 0 1 1 1 1 0 0 1 0 0 0 1 1 1 0 1 1 0 0 0 1 1 1 1 0
 1 1 0 1 0 0 0 1 1 1 0 1 0 1 0 0 0 1 0 0 1 0 0 0 0 1 1 1 1 1 0 1 0 1 0 1 1
 1 1 0 0 0 0 1 0 0 1 0 1 1 0 0 0 1 0 1 1 0 1 0 1 0 1 0 1 1 1 1 1 0 0 0 0 1
 1 1 1 1 0 0 0 0 0 1 1 0 0 0 0 1 0 0 1 1 1 1 0 0 0 0 0 0 0 0 0 0 0 0 1 1 0
 0 0 1 0 1 0 1 0 0 1 1 1 1 0 0 1 0 1 0 1 1 0 1 0 1 1 1 1 0 0 0 0 1 1 0 0 0
 1 1 0 1 0 1 0 0 1 0 1 1 0 0 1 0 1 1 0 1 1 1 1 1 0 1 0 0 1 0 0 1 0 1 1 0 0
 0 1 3]
2022-04-20 20:35:36,350 - pyswarms.discrete.binary - INFO - Optimize for 500 iters with {'c1': 0.5, 'c2': 0.3, 'w': 0.9, 'k': 2, 'p': 1}
2022-04-20 20:35:37,264 - pyswarms.discrete.binary - INFO - Optimization finished | best cost: -50.068401177024285, best pos: [2 0 0 0 0 0 0 1 0 0 0 0 0 1 1 0 0 1 0 0 1 1 1 1 0 0 0 0 1 0 1 1 0 0 1 0 1
 1 1 1 1 1 0 0 0 0 0 0 3]
2022-04-20 20:39:48,395 - pyswarms.discrete.binary - INFO - Optimize for 500 iters with {'c1': 0.5, 'c2': 0.3, 'w': 0.9, 'k': 2, 'p': 1}
2022-04-20 20:39:49,323 - pyswarms.discrete.binary - INFO - Optimization finished | best cost: -50.64176196777344, best pos: [2 1 0 0 1 0 1 1 0 0 0 0 0 0 1 1 1 0 0 0 0 0 0 1 1 1 1 0 0 0 0 0 0 1 0 0 0
 1 0 0 1 0 0 0 0 1 1 1 3]
2022-04-20 20:40:24,189 - pyswarms.discrete.binary - INFO - Optimize for 500 iters with {'c1': 0.5, 'c2': 0.3, 'w': 0.9, 'k': 2, 'p': 1}
2022-04-20 20:40:25,232 - pyswarms.discrete.binary - INFO - Optimization finished | best cost: -50.56474118101626, best pos: [2 1 0 0 1 0 0 1 0 0 0 0 0 0 1 0 0 0 0 0 0 1 1 1 1 0 1 1 1 0 1 1 1 0 0 1 0
 0 0 1 1 1 0 0 0 0 1 0 3]
2022-04-20 20:40:38,082 - pyswarms.discrete.binary - INFO - Optimize for 1500 iters with {'c1': 0.5, 'c2': 0.3, 'w': 0.9, 'k': 2, 'p': 1}
2022-04-20 20:40:40,990 - pyswarms.discrete.binary - INFO - Optimization finished | best cost: -52.61631657658394, best pos: [2 1 1 1 1 0 1 0 0 0 0 1 1 0 0 1 0 0 1 0 0 0 0 0 0 1 1 0 0 0 0 0 0 1 0 0 0
 0 1 0 1 0 0 0 0 0 0 1 3]
2022-04-20 21:02:13,446 - pyswarms.discrete.binary - INFO - Optimize for 1500 iters with {'c1': 0.5, 'c2': 0.3, 'w': 0.9, 'k': 2, 'p': 1}
2022-04-20 21:02:16,434 - pyswarms.discrete.binary - INFO - Optimization finished | best cost: -3.0255086753237563, best pos: [2 0 0 0 0 0 0 1 1 1 0 1 0 0 1 0 1 1 1 1 0 1 1 1 0 0 1 1 1 0 0 1 1 1 0 0 0
 0 0 0 1 0 0 0 1 1 1 1 3]
2022-04-20 21:02:57,358 - pyswarms.discrete.binary - INFO - Optimize for 1500 iters with {'c1': 0.5, 'c2': 0.3, 'w': 0.9, 'k': 2, 'p': 1}
2022-04-20 21:03:00,224 - pyswarms.discrete.binary - INFO - Optimization finished | best cost: -2.078853703974289, best pos: [2 1 1 0 1 0 0 1 1 1 0 0 0 1 0 1 1 0 1 0 1 0 1 1 1 0 0 1 0 1 1 0 1 0 1 0 1
 1 1 1 1 1 0 0 0 0 0 0 3]
2022-04-20 21:03:29,649 - pyswarms.discrete.binary - INFO - Optimize for 1500 iters with {'c1': 0.5, 'c2': 0.3, 'w': 0.9, 'k': 2, 'p': 1}
2022-04-20 21:03:33,945 - pyswarms.discrete.binary - INFO - Optimization finished | best cost: -4.163481670932356, best pos: [2 1 0 1 0 0 0 1 0 1 0 1 0 0 0 0 0 0 1 1 1 0 1 0 1 0 1 0 1 1 1 1 0 0 0 0 0
 1 1 1 0 0 0 0 1 0 1 1 1 1 1 0 1 1 1 1 0 1 0 0 1 1 1 1 0 1 1 1 1 1 1 1 0 0
 1 0 0 0 0 0 3]
2022-04-20 21:04:04,011 - pyswarms.discrete.binary - INFO - Optimize for 1500 iters with {'c1': 0.5, 'c2': 0.3, 'w': 0.9, 'k': 2, 'p': 1}
2022-04-20 21:04:08,421 - pyswarms.discrete.binary - INFO - Optimization finished | best cost: -85.26700266455623, best pos: [2 1 1 0 0 0 0 0 1 0 1 0 0 0 0 0 1 1 0 1 1 0 0 0 0 1 0 0 1 0 0 0 0 1 0 1 0
 1 1 1 0 0 1 1 1 0 0 1 0 1 0 0 0 0 1 0 1 1 1 1 1 1 0 1 0 1 1 1 0 0 1 1 0 0
 1 0 0 0 1 0 3]
2022-04-20 21:04:41,894 - pyswarms.discrete.binary - INFO - Optimize for 1500 iters with {'c1': 0.5, 'c2': 0.3, 'w': 0.9, 'k': 2, 'p': 1}
2022-04-20 21:04:45,534 - pyswarms.discrete.binary - INFO - Optimization finished | best cost: 76.50006176809109, best pos: [2 0 0 1 1 0 0 1 1 1 0 0 1 1 0 1 0 0 0 0 0 1 1 0 1 1 1 1 0 0 1 1 0 1 0 0 1
 0 0 1 1 1 1 1 1 0 0 0 0 0 1 0 1 1 1 0 0 1 1 1 1 1 0 0 0 0 1 0 0 1 1 1 0 0
 0 1 1 1 0 1 3]
2022-04-20 21:10:30,493 - pyswarms.discrete.binary - INFO - Optimize for 1500 iters with {'c1': 0.5, 'c2': 0.3, 'w': 0.9, 'k': 2, 'p': 1}
2022-04-20 21:10:35,045 - pyswarms.discrete.binary - INFO - Optimization finished | best cost: 59.993914787195244, best pos: [2 0 1 1 1 1 1 0 1 0 1 1 0 1 1 0 1 0 0 1 0 0 1 0 1 1 0 0 1 1 0 1 1 0 1 1 0
 0 1 0 1 0 1 1 1 0 0 0 0 0 0 0 0 0 1 0 1 0 0 1 0 1 1 0 0 0 0 0 0 0 0 1 1 1
 1 1 1 1 0 1 3]
2022-04-20 21:41:16,602 - pyswarms.discrete.binary - INFO - Optimize for 1500 iters with {'c1': 0.5, 'c2': 0.3, 'w': 0.9, 'k': 2, 'p': 1}
2022-04-20 21:41:42,215 - pyswarms.discrete.binary - INFO - Optimize for 1500 iters with {'c1': 0.5, 'c2': 0.3, 'w': 0.9, 'k': 2, 'p': 1}
2022-04-20 21:41:59,237 - pyswarms.discrete.binary - INFO - Optimization finished | best cost: -390.8, best pos: [2 0 1 0 1 1 0 1 0 0 0 0 0 0 1 1 1 0 1 0 1 0 1 0 0 1 0 1 1 1 0 0 1 0 0 1 0
 1 0 0 1 0 0 0 0 1 0 1 0 0 0 1 1 0 1 1 0 1 1 0 1 1 0 0 0 1 0 0 1 0 0 0 0 0
 1 0 0 0 1 1 1 1 1 0 0 1 0 1 1 0 1 1 1 1 1 1 1 1 0 0 0 0 1 1 1 0 1 1 0 0 1
 0 0 1 1 0 0 1 1 0 1 1 0 0 1 1 1 1 0 1 1 0 1 1 1 0 0 1 1 0 0 1 0 1 1 1 0 1
 1 0 1 1 0 1 1 1 1 0 1 1 1 0 1 0 0 0 1 0 1 1 1 0 1 0 1 1 1 0 1 0 1 1 0 1 1
 0 0 0 0 0 0 0 0 1 1 1 1 1 1 1 1 1 0 0 0 0 0 1 0 1 0 1 0 1 0 1 0 1 0 0 0 1
 1 0 1 1 1 0 1 0 1 1 1 0 1 1 0 1 0 1 1 0 0 1 0 1 0 0 1 0 1 0 1 0 0 1 1 1 1
 0 1 0 0 1 1 1 0 0 0 1 0 0 0 0 1 0 1 1 0 0 0 1 1 1 1 1 0 1 1 0 0 1 1 0 1 0
 0 1 0 1 0 1 1 0 0 1 0 0 0 0 1 1 0 0 1 1 0 1 1 1 1 1 1 0 0 0 0 1 0 0 1 0 0
 1 0 0 1 0 1 0 0 0 0 1 1 1 0 0 0 0 0 1 0 0 1 0 1 0 1 0 1 1 1 1 0 0 0 1 1 1
 0 0 0 0 1 0 0 1 1 0 0 0 1 1 0 1 0 0 0 0 1 0 0 0 0 0 1 1 1 3]
2022-04-20 21:52:47,281 - pyswarms.discrete.binary - INFO - Optimize for 500 iters with {'c1': 0.5, 'c2': 0.3, 'w': 0.9, 'k': 2, 'p': 1}
2022-04-20 21:52:58,196 - pyswarms.discrete.binary - INFO - Optimization finished | best cost: 10.436067977499789, best pos: [2 1 0 0 1 0 1 1 0 0 1 1 0 0 0 1 1 0 0 0 1 0 0 1 1 1 0 1 1 0 0 1 0 0 0 1 0
 0 0 0 1 1 0 0 1 1 1 0 0 1 1 1 1 0 1 1 1 0 0 1 1 1 1 0 0 1 1 0 0 1 1 0 0 0
 1 0 1 0 1 1 0 1 1 0 1 0 0 0 0 0 0 1 1 0 1 1 0 1 1 0 0 1 1 1 0 0 1 0 1 0 1
 1 0 0 1 0 0 0 1 0 0 1 0 1 1 1 1 1 0 1 0 0 0 1 1 0 0 1 0 0 0 1 0 0 0 0 0 1
 1 1 0 1 0 1 1 0 1 0 1 0 1 1 0 1 0 0 1 1 1 1 0 1 0 0 0 0 1 1 1 0 1 1 0 1 0
 0 1 1 0 1 1 1 1 1 0 0 0 1 1 1 0 0 1 0 0 1 1 0 1 1 0 1 0 0 0 1 0 1 0 1 0 1
 1 1 0 0 0 0 0 1 1 1 0 1 1 1 1 1 0 0 0 1 0 1 1 1 0 0 0 0 0 1 1 1 0 0 1 0 0
 0 1 0 1 0 1 0 1 1 1 0 1 0 1 1 1 0 1 1 1 0 0 1 1 1 0 0 1 0 1 0 1 0 0 1 1 0
 0 1 0 1 0 0 0 1 0 1 1 0 1 1 1 1 0 1 1 0 0 1 1 0 0 0 1 0 1 0 1 0 0 0 1 0 1
 1 1 0 1 1 1 0 1 0 1 0 0 0 0 1 0 0 1 0 0 0 1 1 1 0 1 0 0 0 1 1 1 0 1 0 1 0
 1 1 1 0 1 0 1 1 0 0 0 1 0 0 1 1 0 0 0 0 1 1 0 0 1 1 0 0 0 3]
2022-04-20 21:53:45,137 - pyswarms.discrete.binary - INFO - Optimize for 500 iters with {'c1': 0.5, 'c2': 0.3, 'w': 0.9, 'k': 2, 'p': 1}
2022-04-20 21:53:54,041 - pyswarms.discrete.binary - INFO - Optimization finished | best cost: -387.7, best pos: [2 0 0 0 1 0 1 0 0 1 0 1 1 1 1 0 0 1 0 0 1 1 1 0 1 1 1 1 1 1 1 1 1 0 0 1 1
 0 1 0 1 1 1 0 1 0 0 0 0 0 0 0 1 1 0 0 1 0 0 1 1 1 1 1 1 0 0 0 0 0 0 1 1 1
 0 1 1 0 1 1 0 0 0 1 1 1 0 1 0 0 1 1 0 1 0 1 1 1 0 0 0 1 1 0 0 1 0 0 1 0 1
 1 0 0 1 1 0 0 0 0 0 0 0 1 0 1 1 0 0 0 1 1 1 1 0 0 0 0 1 0 1 0 0 1 0 1 1 1
 0 0 1 0 0 0 1 0 0 1 1 1 0 0 0 0 0 1 0 0 1 0 1 1 0 1 1 1 1 1 1 1 0 1 1 1 0
 0 0 0 0 1 1 0 0 1 1 0 1 0 1 1 0 1 1 0 1 1 0 1 0 0 1 1 1 1 0 0 1 0 1 1 0 1
 1 1 1 0 0 0 0 0 1 1 1 1 1 0 0 0 1 0 0 0 0 0 0 1 0 0 1 0 1 0 1 0 1 1 1 1 0
 1 1 1 1 1 1 1 0 1 1 0 0 0 1 0 0 0 0 1 0 1 1 0 0 0 0 0 0 0 0 1 1 0 0 1 0 1
 0 1 0 0 0 0 0 1 1 0 1 1 0 1 1 0 0 0 0 0 0 1 1 1 1 1 1 1 1 0 0 1 1 0 1 1 0
 0 1 1 0 0 1 0 0 0 0 0 1 0 1 0 1 0 0 1 1 0 0 1 0 1 1 0 0 0 0 1 1 0 1 1 1 0
 1 0 1 1 1 1 1 0 1 1 0 0 1 1 0 1 1 0 1 1 0 1 1 0 0 0 0 0 1 3]
2022-04-20 21:55:53,897 - pyswarms.discrete.binary - INFO - Optimize for 500 iters with {'c1': 0.5, 'c2': 0.3, 'w': 0.9, 'k': 2, 'p': 1}
2022-04-20 21:56:04,529 - pyswarms.discrete.binary - INFO - Optimization finished | best cost: 15.3, best pos: [2 1 1 1 1 1 1 0 1 1 1 1 1 1 1 0 1 0 1 1 1 0 1 0 1 1 0 0 0 1 1 0 0 0 0 0 0
 1 1 1 0 1 0 1 1 0 0 1 0 1 0 1 0 1 0 1 1 0 0 1 0 0 1 1 1 0 1 0 1 0 0 0 1 1
 1 0 1 0 1 1 1 1 1 0 1 1 0 0 1 1 1 1 0 1 0 0 0 1 0 1 0 1 0 0 1 0 1 0 0 0 1
 1 0 0 0 0 0 1 0 0 1 1 1 0 0 0 0 0 1 1 0 0 1 0 1 0 0 0 0 0 0 1 1 1 1 0 1 1
 1 0 0 0 1 1 0 0 1 0 1 1 1 1 0 0 0 1 0 0 1 0 0 1 1 0 0 0 0 0 0 1 1 1 1 1 1
 0 0 0 1 1 0 0 1 0 1 1 1 1 0 0 1 1 1 0 1 1 1 1 0 1 0 0 1 1 0 1 0 0 1 0 1 0
 0 0 1 0 0 1 1 0 1 0 0 0 1 0 1 1 1 0 1 0 0 1 1 1 1 1 1 1 1 1 0 0 0 1 0 0 1
 0 0 0 1 0 0 1 1 1 0 0 1 0 0 1 0 0 0 1 1 1 0 1 1 0 0 1 0 0 1 0 1 0 0 0 1 0
 1 0 0 1 0 0 1 1 0 1 1 1 1 1 1 1 1 0 1 0 0 0 0 0 1 0 0 0 1 1 0 1 0 0 0 0 0
 0 0 0 0 0 1 1 1 0 0 1 0 1 1 0 0 1 0 0 1 0 1 1 0 1 1 1 0 1 0 0 0 0 1 1 1 1
 1 0 1 1 1 1 0 0 0 0 0 0 1 0 1 0 0 0 0 0 1 1 0 1 1 1 1 1 0 3]
2022-04-20 22:07:26,042 - pyswarms.discrete.binary - INFO - Optimize for 500 iters with {'c1': 0.5, 'c2': 0.3, 'w': 0.9, 'k': 2, 'p': 1}
2022-04-20 22:08:00,698 - pyswarms.discrete.binary - INFO - Optimization finished | best cost: -214.0, best pos: [2 0 1 0 1 1 1 1 0 1 1 0 0 1 0 1 1 0 0 0 1 0 1 0 1 1 0 1 1 0 1 1 0 0 1 1 1
 1 1 1 1 1 1 1 1 0 0 1 1 0 1 0 0 0 0 1 0 1 1 1 1 1 1 1 1 1 0 1 1 1 0 0 1 1
 0 0 1 1 0 1 0 1 0 0 1 0 0 0 1 0 1 0 1 0 0 1 1 0 0 1 1 1 1 0 1 0 0 0 1 0 1
 1 1 0 1 1 0 0 1 1 0 1 1 1 0 0 0 1 1 1 1 1 1 0 1 1 1 0 1 1 1 1 1 1 1 1 0 1
 1 1 0 1 1 1 1 1 1 0 0 0 1 0 0 0 1 1 0 0 1 0 0 1 0 0 1 1 1 1 0 0 1 0 1 1 0
 0 1 1 1 0 1 1 0 0 0 0 1 1 1 1 0 1 1 1 0 1 1 0 1 0 1 0 0 1 1 1 1 1 1 0 1 1
 1 0 1 0 1 1 1 1 0 0 1 1 1 1 1 1 0 1 1 1 0 1 0 1 0 1 1 1 0 1 1 1 1 1 0 1 0
 0 0 0 1 0 1 0 0 0 1 0 0 1 0 1 1 0 0 1 1 0 1 1 1 1 1 1 1 0 1 1 0 1 0 1 0 0
 0 1 0 1 0 0 1 1 1 0 1 1 1 1 0 1 1 0 0 1 1 1 0 1 1 1 1 0 1 1 1 1 1 1 1 0 1
 1 0 1 0 1 1 1 1 0 0 1 1 1 1 0 1 1 0 1 1 1 1 1 1 0 1 0 1 0 1 1 0 1 1 0 1 1
 1 0 0 0 1 0 0 0 1 0 0 0 0 0 1 0 0 1 0 0 0 0 1 1 0 1 0 1 1 3]
2022-04-20 22:09:03,800 - pyswarms.discrete.binary - INFO - Optimize for 500 iters with {'c1': 0.5, 'c2': 0.3, 'w': 0.9, 'k': 2, 'p': 1}
2022-04-26 13:49:38,114 - pyswarms.discrete.binary - INFO - Optimize for 1000 iters with {'c1': 0.5, 'c2': 0.3, 'w': 0.9, 'k': 2, 'p': 1}
2022-04-26 13:49:50,224 - pyswarms.discrete.binary - INFO - Optimization finished | best cost: 3.2, best pos: [2 0 0 0 0 0 0 0 1 1 1 0 0 0 1 1 0 0 1 0 1 0 1 0 0 1 1 1 0 0 1 0 1 1 1 1 1
 1 1 1 0 1 0 0 0 1 1 1 1 1 0 0 0 0 1 1 0 0 0 0 0 1 0 0 0 1 1 1 1 0 1 0 0 0
 1 1 1 1 1 0 1 0 0 1 0 1 0 1 0 0 0 1 0 0 0 1 1 1 0 0 1 1 1 1 0 1 0 1 0 1 0
 0 0 1 0 1 0 1 1 0 0 0 0 1 1 0 1 1 0 1 0 1 1 1 0 0 1 0 1 0 1 1 1 1 0 1 0 1
 0 1 1 0 0 1 0 1 1 0 0 1 1 0 1 1 0 0 1 0 1 0 1 1 0 0 1 1 0 0 1 1 0 1 0 0 0
 1 0 0 1 0 1 0 0 1 1 1 0 1 1 1 0 0 0 1 1 1 1 1 1 1 0 0 1 0 0 0 1 1 0 0 1 0
 0 0 3]
