This is pdfTeX, Version 3.141592653-2.6-1.40.22 (TeX Live 2022/dev/Debian) (preloaded format=pdflatex 2022.5.29)  10 JUN 2022 10:02
entering extended mode
 restricted \write18 enabled.
 %&-line parsing enabled.
**coverage.tex
(./coverage.tex
LaTeX2e <2021-11-15> patch level 1
L3 programming layer <2022-01-21>
(/usr/share/texlive/texmf-dist/tex/latex/base/article.cls
Document Class: article 2021/10/04 v1.4n Standard LaTeX document class
(/usr/share/texlive/texmf-dist/tex/latex/base/size12.clo
File: size12.clo 2021/10/04 v1.4n Standard LaTeX file (size option)
)
\c@part=\count185
\c@section=\count186
\c@subsection=\count187
\c@subsubsection=\count188
\c@paragraph=\count189
\c@subparagraph=\count190
\c@figure=\count191
\c@table=\count192
\abovecaptionskip=\skip47
\belowcaptionskip=\skip48
\bibindent=\dimen138
)
(/usr/share/texlive/texmf-dist/tex/latex/amsfonts/amsfonts.sty
Package: amsfonts 2013/01/14 v3.01 Basic AMSFonts support
\@emptytoks=\toks16
\symAMSa=\mathgroup4
\symAMSb=\mathgroup5
LaTeX Font Info:    Redeclaring math symbol \hbar on input line 98.
LaTeX Font Info:    Overwriting math alphabet `\mathfrak' in version `bold'
(Font)                  U/euf/m/n --> U/euf/b/n on input line 106.
)
(/usr/share/texlive/texmf-dist/tex/latex/amsmath/amsmath.sty
Package: amsmath 2021/10/15 v2.17l AMS math features
\@mathmargin=\skip49

For additional information on amsmath, use the `?' option.
(/usr/share/texlive/texmf-dist/tex/latex/amsmath/amstext.sty
Package: amstext 2021/08/26 v2.01 AMS text

(/usr/share/texlive/texmf-dist/tex/latex/amsmath/amsgen.sty
File: amsgen.sty 1999/11/30 v2.0 generic functions
\@emptytoks=\toks17
\ex@=\dimen139
))
(/usr/share/texlive/texmf-dist/tex/latex/amsmath/amsbsy.sty
Package: amsbsy 1999/11/29 v1.2d Bold Symbols
\pmbraise@=\dimen140
)
(/usr/share/texlive/texmf-dist/tex/latex/amsmath/amsopn.sty
Package: amsopn 2021/08/26 v2.02 operator names
)
\inf@bad=\count193
LaTeX Info: Redefining \frac on input line 234.
\uproot@=\count194
\leftroot@=\count195
LaTeX Info: Redefining \overline on input line 399.
\classnum@=\count196
\DOTSCASE@=\count197
LaTeX Info: Redefining \ldots on input line 496.
LaTeX Info: Redefining \dots on input line 499.
LaTeX Info: Redefining \cdots on input line 620.
\Mathstrutbox@=\box50
\strutbox@=\box51
\big@size=\dimen141
LaTeX Font Info:    Redeclaring font encoding OML on input line 743.
LaTeX Font Info:    Redeclaring font encoding OMS on input line 744.
\macc@depth=\count198
\c@MaxMatrixCols=\count199
\dotsspace@=\muskip16
\c@parentequation=\count266
\dspbrk@lvl=\count267
\tag@help=\toks18
\row@=\count268
\column@=\count269
\maxfields@=\count270
\andhelp@=\toks19
\eqnshift@=\dimen142
\alignsep@=\dimen143
\tagshift@=\dimen144
\tagwidth@=\dimen145
\totwidth@=\dimen146
\lineht@=\dimen147
\@envbody=\toks20
\multlinegap=\skip50
\multlinetaggap=\skip51
\mathdisplay@stack=\toks21
LaTeX Info: Redefining \[ on input line 2938.
LaTeX Info: Redefining \] on input line 2939.
)
(/usr/share/texlive/texmf-dist/tex/latex/amsfonts/amssymb.sty
Package: amssymb 2013/01/14 v3.01 AMS font symbols
)
(/usr/share/texlive/texmf-dist/tex/latex/graphics/graphicx.sty
Package: graphicx 2021/09/16 v1.2d Enhanced LaTeX Graphics (DPC,SPQR)

(/usr/share/texlive/texmf-dist/tex/latex/graphics/keyval.sty
Package: keyval 2014/10/28 v1.15 key=value parser (DPC)
\KV@toks@=\toks22
)
(/usr/share/texlive/texmf-dist/tex/latex/graphics/graphics.sty
Package: graphics 2021/03/04 v1.4d Standard LaTeX Graphics (DPC,SPQR)

(/usr/share/texlive/texmf-dist/tex/latex/graphics/trig.sty
Package: trig 2021/08/11 v1.11 sin cos tan (DPC)
)
(/usr/share/texlive/texmf-dist/tex/latex/graphics-cfg/graphics.cfg
File: graphics.cfg 2016/06/04 v1.11 sample graphics configuration
)
Package graphics Info: Driver file: pdftex.def on input line 107.

(/usr/share/texlive/texmf-dist/tex/latex/graphics-def/pdftex.def
File: pdftex.def 2020/10/05 v1.2a Graphics/color driver for pdftex
))
\Gin@req@height=\dimen148
\Gin@req@width=\dimen149
)
(/usr/share/texlive/texmf-dist/tex/latex/base/inputenc.sty
Package: inputenc 2021/02/14 v1.3d Input encoding file
\inpenc@prehook=\toks23
\inpenc@posthook=\toks24
)
(/usr/share/texlive/texmf-dist/tex/latex/base/fontenc.sty
Package: fontenc 2021/04/29 v2.0v Standard LaTeX package
)
(/usr/share/texlive/texmf-dist/tex/latex/l3backend/l3backend-pdftex.def
File: l3backend-pdftex.def 2022-01-12 L3 backend support: PDF output (pdfTeX)
\l__color_backend_stack_int=\count271
\l__pdf_internal_box=\box52
)
(./coverage.aux)
\openout1 = `coverage.aux'.

LaTeX Font Info:    Checking defaults for OML/cmm/m/it on input line 13.
LaTeX Font Info:    ... okay on input line 13.
LaTeX Font Info:    Checking defaults for OMS/cmsy/m/n on input line 13.
LaTeX Font Info:    ... okay on input line 13.
LaTeX Font Info:    Checking defaults for OT1/cmr/m/n on input line 13.
LaTeX Font Info:    ... okay on input line 13.
LaTeX Font Info:    Checking defaults for T1/cmr/m/n on input line 13.
LaTeX Font Info:    ... okay on input line 13.
LaTeX Font Info:    Checking defaults for TS1/cmr/m/n on input line 13.
LaTeX Font Info:    ... okay on input line 13.
LaTeX Font Info:    Checking defaults for OMX/cmex/m/n on input line 13.
LaTeX Font Info:    ... okay on input line 13.
LaTeX Font Info:    Checking defaults for U/cmr/m/n on input line 13.
LaTeX Font Info:    ... okay on input line 13.

(/usr/share/texlive/texmf-dist/tex/context/base/mkii/supp-pdf.mkii
[Loading MPS to PDF converter (version 2006.09.02).]
\scratchcounter=\count272
\scratchdimen=\dimen150
\scratchbox=\box53
\nofMPsegments=\count273
\nofMParguments=\count274
\everyMPshowfont=\toks25
\MPscratchCnt=\count275
\MPscratchDim=\dimen151
\MPnumerator=\count276
\makeMPintoPDFobject=\count277
\everyMPtoPDFconversion=\toks26
) (/usr/share/texlive/texmf-dist/tex/latex/epstopdf-pkg/epstopdf-base.sty
Package: epstopdf-base 2020-01-24 v2.11 Base part for package epstopdf

(/usr/share/texlive/texmf-dist/tex/generic/infwarerr/infwarerr.sty
Package: infwarerr 2019/12/03 v1.5 Providing info/warning/error messages (HO)
)
(/usr/share/texlive/texmf-dist/tex/latex/grfext/grfext.sty
Package: grfext 2019/12/03 v1.3 Manage graphics extensions (HO)

(/usr/share/texlive/texmf-dist/tex/generic/kvdefinekeys/kvdefinekeys.sty
Package: kvdefinekeys 2019-12-19 v1.6 Define keys (HO)
))
(/usr/share/texlive/texmf-dist/tex/latex/kvoptions/kvoptions.sty
Package: kvoptions 2020-10-07 v3.14 Key value format for package options (HO)

(/usr/share/texlive/texmf-dist/tex/generic/ltxcmds/ltxcmds.sty
Package: ltxcmds 2020-05-10 v1.25 LaTeX kernel commands for general use (HO)
)
(/usr/share/texlive/texmf-dist/tex/generic/kvsetkeys/kvsetkeys.sty
Package: kvsetkeys 2019/12/15 v1.18 Key value parser (HO)
))
(/usr/share/texlive/texmf-dist/tex/generic/pdftexcmds/pdftexcmds.sty
Package: pdftexcmds 2020-06-27 v0.33 Utility functions of pdfTeX for LuaTeX (HO
)

(/usr/share/texlive/texmf-dist/tex/generic/iftex/iftex.sty
Package: iftex 2020/03/06 v1.0d TeX engine tests
)
Package pdftexcmds Info: \pdf@primitive is available.
Package pdftexcmds Info: \pdf@ifprimitive is available.
Package pdftexcmds Info: \pdfdraftmode found.
)
Package epstopdf-base Info: Redefining graphics rule for `.eps' on input line 4
85.
Package grfext Info: Graphics extension search list:
(grfext)             [.pdf,.png,.jpg,.mps,.jpeg,.jbig2,.jb2,.PDF,.PNG,.JPG,.JPE
G,.JBIG2,.JB2,.eps]
(grfext)             \AppendGraphicsExtensions on input line 504.

(/usr/share/texlive/texmf-dist/tex/latex/latexconfig/epstopdf-sys.cfg
File: epstopdf-sys.cfg 2010/07/13 v1.3 Configuration of (r)epstopdf for TeX Liv
e
))
LaTeX Font Info:    Trying to load font information for U+msa on input line 14.


(/usr/share/texlive/texmf-dist/tex/latex/amsfonts/umsa.fd
File: umsa.fd 2013/01/14 v3.01 AMS symbols A
)
LaTeX Font Info:    Trying to load font information for U+msb on input line 14.


(/usr/share/texlive/texmf-dist/tex/latex/amsfonts/umsb.fd
File: umsb.fd 2013/01/14 v3.01 AMS symbols B
)
<johnny.jpg, id=1, 1106.1325pt x 722.7pt>
File: johnny.jpg Graphic file (type jpg)
<use johnny.jpg>
Package pdftex.def Info: johnny.jpg  used on input line 16.
(pdftex.def)             Requested size: 284.52756pt x 185.89056pt.

Overfull \hbox (7.5403pt too wide) in paragraph at lines 16--20
\T1/cmr/m/n/12 The Room b¦d¡cy jed-nym z na-j-groszych filmów jakie pow-staªy, 
zostaª napisany
 []

[1

{/var/lib/texmf/fonts/map/pdftex/updmap/pdftex.map} <./johnny.jpg>] [2

]
<lisasVaderEmotionalPie.png, id=15, 462.528pt x 346.896pt>
File: lisasVaderEmotionalPie.png Graphic file (type png)
<use lisasVaderEmotionalPie.png>
Package pdftex.def Info: lisasVaderEmotionalPie.png  used on input line 35.
(pdftex.def)             Requested size: 132.77461pt x 99.58464pt.
<lisasBlobEmotionalPie.png, id=17, 462.528pt x 346.896pt>
File: lisasBlobEmotionalPie.png Graphic file (type png)
<use lisasBlobEmotionalPie.png>
Package pdftex.def Info: lisasBlobEmotionalPie.png  used on input line 36.
(pdftex.def)             Requested size: 132.77461pt x 99.58464pt.
<lisasEmotionalPie.png, id=18, 462.528pt x 346.896pt>
File: lisasEmotionalPie.png Graphic file (type png)
<use lisasEmotionalPie.png>
Package pdftex.def Info: lisasEmotionalPie.png  used on input line 37.
(pdftex.def)             Requested size: 132.77461pt x 99.58464pt.
<lisaNrcImage.png, id=19, 803.0pt x 401.5pt>
File: lisaNrcImage.png Graphic file (type png)
<use lisaNrcImage.png>
Package pdftex.def Info: lisaNrcImage.png  used on input line 38.
(pdftex.def)             Requested size: 483.69684pt x 241.85144pt.

Overfull \hbox (13.54482pt too wide) in paragraph at lines 35--39
[] [] [] 
 []


Overfull \hbox (93.69684pt too wide) in paragraph at lines 35--39
[] 
 []


Underfull \hbox (badness 10000) in paragraph at lines 35--39

 []

[3

 <./lisasVaderEmotionalPie.png> <./lisasBlobEmotionalPie.png> <./lisasEmotional
Pie.png> <./lisaNrcImage.png>]
<johnnysVaderEmotionalPie.png, id=27, 462.528pt x 346.896pt>
File: johnnysVaderEmotionalPie.png Graphic file (type png)
<use johnnysVaderEmotionalPie.png>
Package pdftex.def Info: johnnysVaderEmotionalPie.png  used on input line 41.
(pdftex.def)             Requested size: 132.77461pt x 99.58464pt.
<johnnysBlobEmotionalPie.png, id=28, 462.528pt x 346.896pt>
File: johnnysBlobEmotionalPie.png Graphic file (type png)
<use johnnysBlobEmotionalPie.png>
Package pdftex.def Info: johnnysBlobEmotionalPie.png  used on input line 42.
(pdftex.def)             Requested size: 132.77461pt x 99.58464pt.
<johnnysEmotionalPie.png, id=29, 462.528pt x 346.896pt>
File: johnnysEmotionalPie.png Graphic file (type png)
<use johnnysEmotionalPie.png>
Package pdftex.def Info: johnnysEmotionalPie.png  used on input line 43.
(pdftex.def)             Requested size: 132.77461pt x 99.58464pt.
<johnnyNrcImage.png, id=30, 803.0pt x 401.5pt>
File: johnnyNrcImage.png Graphic file (type png)
<use johnnyNrcImage.png>
Package pdftex.def Info: johnnyNrcImage.png  used on input line 44.
(pdftex.def)             Requested size: 483.69684pt x 241.85144pt.

Overfull \hbox (13.54482pt too wide) in paragraph at lines 41--45
[] [] [] 
 []


Overfull \hbox (93.69684pt too wide) in paragraph at lines 41--45
[] 
 []


Underfull \hbox (badness 10000) in paragraph at lines 41--45

 []

[4

 <./johnnysVaderEmotionalPie.png> <./johnnysBlobEmotionalPie.png> <./johnnysEmo
tionalPie.png> <./johnnyNrcImage.png>]
<marksVaderEmotionalPie.png, id=38, 462.528pt x 346.896pt>
File: marksVaderEmotionalPie.png Graphic file (type png)
<use marksVaderEmotionalPie.png>
Package pdftex.def Info: marksVaderEmotionalPie.png  used on input line 47.
(pdftex.def)             Requested size: 132.77461pt x 99.58464pt.
<marksBlobEmotionalPie.png, id=39, 462.528pt x 346.896pt>
File: marksBlobEmotionalPie.png Graphic file (type png)
<use marksBlobEmotionalPie.png>
Package pdftex.def Info: marksBlobEmotionalPie.png  used on input line 48.
(pdftex.def)             Requested size: 132.77461pt x 99.58464pt.
<marksEmotionalPie.png, id=40, 462.528pt x 346.896pt>
File: marksEmotionalPie.png Graphic file (type png)
<use marksEmotionalPie.png>
Package pdftex.def Info: marksEmotionalPie.png  used on input line 49.
(pdftex.def)             Requested size: 132.77461pt x 99.58464pt.
<markNrcImage.png, id=41, 803.0pt x 401.5pt>
File: markNrcImage.png Graphic file (type png)
<use markNrcImage.png>
Package pdftex.def Info: markNrcImage.png  used on input line 50.
(pdftex.def)             Requested size: 483.69684pt x 241.85144pt.

Overfull \hbox (13.54482pt too wide) in paragraph at lines 47--51
[] [] [] 
 []


Overfull \hbox (93.69684pt too wide) in paragraph at lines 47--51
[] 
 []


Underfull \hbox (badness 10000) in paragraph at lines 47--51

 []

[5

 <./marksVaderEmotionalPie.png> <./marksBlobEmotionalPie.png> <./marksEmotional
Pie.png> <./markNrcImage.png>]
<claudettesVaderEmotionalPie.png, id=49, 462.528pt x 346.896pt>
File: claudettesVaderEmotionalPie.png Graphic file (type png)
<use claudettesVaderEmotionalPie.png>
Package pdftex.def Info: claudettesVaderEmotionalPie.png  used on input line 53
.
(pdftex.def)             Requested size: 132.77461pt x 99.58464pt.
<claudettesBlobEmotionalPie.png, id=50, 462.528pt x 346.896pt>
File: claudettesBlobEmotionalPie.png Graphic file (type png)
<use claudettesBlobEmotionalPie.png>
Package pdftex.def Info: claudettesBlobEmotionalPie.png  used on input line 54.

(pdftex.def)             Requested size: 132.77461pt x 99.58464pt.
<claudettesEmotionalPie.png, id=51, 462.528pt x 346.896pt>
File: claudettesEmotionalPie.png Graphic file (type png)
<use claudettesEmotionalPie.png>
Package pdftex.def Info: claudettesEmotionalPie.png  used on input line 55.
(pdftex.def)             Requested size: 132.77461pt x 99.58464pt.
<claudetteNrcImage.png, id=52, 803.0pt x 401.5pt>
File: claudetteNrcImage.png Graphic file (type png)
<use claudetteNrcImage.png>
Package pdftex.def Info: claudetteNrcImage.png  used on input line 56.
(pdftex.def)             Requested size: 483.69684pt x 241.85144pt.

Overfull \hbox (13.54482pt too wide) in paragraph at lines 53--57
[] [] [] 
 []


Overfull \hbox (93.69684pt too wide) in paragraph at lines 53--57
[] 
 []


Underfull \hbox (badness 10000) in paragraph at lines 53--57

 []

[6

 <./claudettesVaderEmotionalPie.png> <./claudettesBlobEmotionalPie.png> <./clau
dettesEmotionalPie.png> <./claudetteNrcImage.png>]
<michellesVaderEmotionalPie.png, id=60, 462.528pt x 346.896pt>
File: michellesVaderEmotionalPie.png Graphic file (type png)
<use michellesVaderEmotionalPie.png>
Package pdftex.def Info: michellesVaderEmotionalPie.png  used on input line 59.

(pdftex.def)             Requested size: 132.77461pt x 99.58464pt.
<michellesBlobEmotionalPie.png, id=61, 462.528pt x 346.896pt>
File: michellesBlobEmotionalPie.png Graphic file (type png)
<use michellesBlobEmotionalPie.png>
Package pdftex.def Info: michellesBlobEmotionalPie.png  used on input line 60.
(pdftex.def)             Requested size: 132.77461pt x 99.58464pt.
<michellesEmotionalPie.png, id=62, 462.528pt x 346.896pt>
File: michellesEmotionalPie.png Graphic file (type png)
<use michellesEmotionalPie.png>
Package pdftex.def Info: michellesEmotionalPie.png  used on input line 61.
(pdftex.def)             Requested size: 132.77461pt x 99.58464pt.
<michelleNrcImage.png, id=63, 803.0pt x 401.5pt>
File: michelleNrcImage.png Graphic file (type png)
<use michelleNrcImage.png>
Package pdftex.def Info: michelleNrcImage.png  used on input line 62.
(pdftex.def)             Requested size: 483.69684pt x 241.85144pt.

Overfull \hbox (13.54482pt too wide) in paragraph at lines 59--63
[] [] [] 
 []


Overfull \hbox (93.69684pt too wide) in paragraph at lines 59--63
[] 
 []


Underfull \hbox (badness 10000) in paragraph at lines 59--63

 []

[7

 <./michellesVaderEmotionalPie.png> <./michellesBlobEmotionalPie.png> <./michel
lesEmotionalPie.png> <./michelleNrcImage.png>]
<petersVaderEmotionalPie.png, id=72, 462.528pt x 346.896pt>
File: petersVaderEmotionalPie.png Graphic file (type png)
<use petersVaderEmotionalPie.png>
Package pdftex.def Info: petersVaderEmotionalPie.png  used on input line 65.
(pdftex.def)             Requested size: 132.77461pt x 99.58464pt.
<petersBlobEmotionalPie.png, id=73, 462.528pt x 346.896pt>
File: petersBlobEmotionalPie.png Graphic file (type png)
<use petersBlobEmotionalPie.png>
Package pdftex.def Info: petersBlobEmotionalPie.png  used on input line 66.
(pdftex.def)             Requested size: 132.77461pt x 99.58464pt.
<petersEmotionalPie.png, id=74, 462.528pt x 346.896pt>
File: petersEmotionalPie.png Graphic file (type png)
<use petersEmotionalPie.png>
Package pdftex.def Info: petersEmotionalPie.png  used on input line 67.
(pdftex.def)             Requested size: 132.77461pt x 99.58464pt.
<peterNrcImage.png, id=75, 803.0pt x 401.5pt>
File: peterNrcImage.png Graphic file (type png)
<use peterNrcImage.png>
Package pdftex.def Info: peterNrcImage.png  used on input line 68.
(pdftex.def)             Requested size: 483.69684pt x 241.85144pt.

Overfull \hbox (13.54482pt too wide) in paragraph at lines 65--69
[] [] [] 
 []


Overfull \hbox (93.69684pt too wide) in paragraph at lines 65--69
[] 
 []


Underfull \hbox (badness 10000) in paragraph at lines 65--69

 []

[8

 <./petersVaderEmotionalPie.png> <./petersBlobEmotionalPie.png> <./petersEmotio
nalPie.png> <./peterNrcImage.png>] (./coverage.aux) ) 
Here is how much of TeX's memory you used:
 3507 strings out of 480247
 55518 string characters out of 5896151
 328428 words of memory out of 5000000
 21392 multiletter control sequences out of 15000+600000
 476780 words of font info for 46 fonts, out of 8000000 for 9000
 14 hyphenation exceptions out of 8191
 60i,6n,67p,273b,212s stack positions out of 5000i,500n,10000p,200000b,80000s
 </home/dzelapino/.texlive
2021/texmf-var/fonts/pk/ljfour/jknappen/ec/ecbx1440.600pk> </home/dzelapino/.te
xlive2021/texmf-var/fonts/pk/ljfour/jknappen/ec/ecrm1200.600pk> </home/dzelapin
o/.texlive2021/texmf-var/fonts/pk/ljfour/jknappen/ec/ecbx1728.600pk> </home/dze
lapino/.texlive2021/texmf-var/fonts/pk/ljfour/jknappen/ec/ecrm1440.600pk> </hom
e/dzelapino/.texlive2021/texmf-var/fonts/pk/ljfour/jknappen/ec/ecrm2074.600pk>
Output written on coverage.pdf (8 pages, 554790 bytes).
PDF statistics:
 266 PDF objects out of 1000 (max. 8388607)
 41 compressed objects within 1 object stream
 0 named destinations out of 1000 (max. 500000)
 126 words of extra memory for PDF output out of 10000 (max. 10000000)

